Start testing: Jun 21 11:13 EDT
----------------------------------------------------------
1/1 Testing: OrderbookTests.GoodTillCancel_RestsInBook
1/1 Test: OrderbookTests.GoodTillCancel_RestsInBook
Command: "/Users/nohimjayasinghe/C++OrderBook/src/OrderbookTests" "--gtest_filter=OrderbookTests.GoodTillCancel_RestsInBook" "--gtest_also_run_disabled_tests"
Directory: /Users/nohimjayasinghe/C++OrderBook/src
"OrderbookTests.GoodTillCancel_RestsInBook" start time: Jun 21 11:13 EDT
Output:
----------------------------------------------------------
Running main() from /Users/nohimjayasinghe/C++OrderBook/src/_deps/googletest-src/googletest/src/gtest_main.cc
Note: Google Test filter = OrderbookTests.GoodTillCancel_RestsInBook
[==========] Running 1 test from 1 test suite.
[----------] Global test environment set-up.
[----------] 1 test from OrderbookTests
[ RUN      ] OrderbookTests.GoodTillCancel_RestsInBook
[       OK ] OrderbookTests.GoodTillCancel_RestsInBook (0 ms)
[----------] 1 test from OrderbookTests (0 ms total)

[----------] Global test environment tear-down
[==========] 1 test from 1 test suite ran. (0 ms total)
[  PASSED  ] 1 test.
<end of output>
Test time =   0.01 sec
----------------------------------------------------------
Test Passed.
"OrderbookTests.GoodTillCancel_RestsInBook" end time: Jun 21 11:13 EDT
"OrderbookTests.GoodTillCancel_RestsInBook" time elapsed: 00:00:00
----------------------------------------------------------

End testing: Jun 21 11:13 EDT
